<?xml version="1.0" encoding="UTF-8"?>
<!-- Generated by org.testng.reporters.JUnitReportReporter -->
<testsuite hostname="LDD70HMQQXX.US.AD.WELLPOINT.COM" failures="0" tests="1" name="main.SimpleTest" time="0.004" errors="0" timestamp="2022-08-24T16:30:58 IST" skipped="0">
  <testcase classname="main.SimpleTest" name="checkMessageContent" time="0.004"/>
  <system-out/>
</testsuite> <!-- main.SimpleTest -->
