<?xml version="1.0" encoding="UTF-8"?>
<!-- Generated by org.testng.reporters.JUnitReportReporter -->
<testsuite hostname="LDD70HMQQXX.US.AD.WELLPOINT.COM" failures="0" tests="1" name="main.NewTest" time="0.003" errors="0" timestamp="2022-08-24T16:30:09 IST" skipped="0">
  <testcase classname="main.NewTest" name="checkMessageContent" time="0.003"/>
  <system-out/>
</testsuite> <!-- main.NewTest -->
