<?xml version="1.0" encoding="UTF-8"?>
<!-- Generated by org.testng.reporters.JUnitReportReporter -->
<testsuite hostname="LDD70HMQQXX.US.AD.WELLPOINT.COM" failures="0" tests="1" name="tests.TestMessageContent" time="0.004" errors="0" timestamp="2022-08-24T17:01:27 IST" skipped="0">
  <testcase classname="tests.TestMessageContent" name="checkMessageContent" time="0.004"/>
  <system-out/>
</testsuite> <!-- tests.TestMessageContent -->
